<?xml version="1.0" encoding="UTF-8"?>
<testng-results ignored="0" total="1" passed="1" failed="0" skipped="0">
  <reporter-output>
  </reporter-output>
  <suite started-at="2025-08-07T10:13:56 IST" name="Suite" finished-at="2025-08-07T10:13:56 IST" duration-ms="84">
    <groups>
    </groups>
    <test started-at="2025-08-07T10:13:56 IST" name="Test" finished-at="2025-08-07T10:13:56 IST" duration-ms="84">
      <class name="com.PerfAccel.tests.KRATemplateTests">
        <test-method signature="KRATemplateDropdownTest()[pri:0, instance:com.PerfAccel.tests.KRATemplateTests@71687585]" started-at="2025-08-07T10:13:56 IST" name="KRATemplateDropdownTest" finished-at="2025-08-07T10:13:56 IST" duration-ms="21" status="PASS">
          <reporter-output>
          </reporter-output>
        </test-method> <!-- KRATemplateDropdownTest -->
      </class> <!-- com.PerfAccel.tests.KRATemplateTests -->
    </test> <!-- Test -->
  </suite> <!-- Suite -->
</testng-results>
