<?xml version="1.0" encoding="UTF-8"?>
<testng-results ignored="0" total="1" passed="1" failed="0" skipped="0">
  <reporter-output>
  </reporter-output>
  <suite started-at="2025-08-25T16:09:17 IST" name="Suite" finished-at="2025-08-25T16:10:09 IST" duration-ms="51933">
    <groups>
    </groups>
    <test started-at="2025-08-25T16:09:17 IST" name="Test" finished-at="2025-08-25T16:10:09 IST" duration-ms="51933">
      <class name="com.PerfAccel.SManager.tests.KRAReleaseAndEvaluateTest">
        <test-method is-config="true" signature="setUp(org.testng.ITestResult,org.testng.ITestContext)[pri:0, instance:com.PerfAccel.SManager.tests.KRAReleaseAndEvaluateTest@38145825]" started-at="2025-08-25T16:09:17 IST" name="setUp" finished-at="2025-08-25T16:09:29 IST" duration-ms="11738" status="PASS">
          <params>
            <param index="0">
              <value>
                <![CDATA[[TestResult name={null} status=CREATED method=KRAReleaseAndEvaluateTest.KRAFlow()[pri:0, instance:com.PerfAccel.SManager.tests.KRAReleaseAndEvaluateTest@38145825] output={null}]]]>
              </value>
            </param>
            <param index="1">
              <value>
                <![CDATA[org.testng.TestRunner@2291d9a0]]>
              </value>
            </param>
          </params>
          <reporter-output>
          </reporter-output>
        </test-method> <!-- setUp -->
        <test-method signature="KRAFlow()[pri:0, instance:com.PerfAccel.SManager.tests.KRAReleaseAndEvaluateTest@38145825]" started-at="2025-08-25T16:09:29 IST" name="KRAFlow" finished-at="2025-08-25T16:10:08 IST" duration-ms="39023" status="PASS">
          <reporter-output>
          </reporter-output>
        </test-method> <!-- KRAFlow -->
        <test-method is-config="true" signature="tearDown(org.testng.ITestResult)[pri:0, instance:com.PerfAccel.SManager.tests.KRAReleaseAndEvaluateTest@38145825]" started-at="2025-08-25T16:10:08 IST" name="tearDown" finished-at="2025-08-25T16:10:09 IST" duration-ms="886" status="PASS">
          <params>
            <param index="0">
              <value>
                <![CDATA[[TestResult name=KRAFlow status=SUCCESS method=KRAReleaseAndEvaluateTest.KRAFlow()[pri:0, instance:com.PerfAccel.SManager.tests.KRAReleaseAndEvaluateTest@38145825] output={null}]]]>
              </value>
            </param>
          </params>
          <reporter-output>
          </reporter-output>
        </test-method> <!-- tearDown -->
      </class> <!-- com.PerfAccel.SManager.tests.KRAReleaseAndEvaluateTest -->
    </test> <!-- Test -->
  </suite> <!-- Suite -->
</testng-results>
